<?xml version="1.0" encoding="UTF-8"?>
<testsuite xmlns:xsi="http://www.w3.org/2001/XMLSchema-instance" xsi:noNamespaceSchemaLocation="https://maven.apache.org/surefire/maven-surefire-plugin/xsd/surefire-test-report-3.0.xsd" version="3.0" name="com.secret.message.SecretMessageApplicationTests" time="5.335" tests="1" errors="0" skipped="0" failures="0">
  <properties>
[...]
</properties>
  <testcase name="contextLoads" classname="com.secret.message.SecretMessageApplicationTests" time="1.042">
    <system-out><![CDATA[23:23:05.502 [main] INFO org.springframework.test.context.support.AnnotationConfigContextLoaderUtils -- Could not detect default configuration classes for test class [com.secret.message.SecretMessageApplicationTests]: SecretMessageApplicationTests does not declare any static, non-private, non-final, nested classes annotated with @Configuration.
23:23:05.636 [main] INFO org.springframework.boot.test.context.SpringBootTestContextBootstrapper -- Found @SpringBootConfiguration com.secret.message.SecretMessageApplication for test class com.secret.message.SecretMessageApplicationTests
23:23:05.839 [main] INFO org.springframework.boot.devtools.restart.RestartApplicationListener -- Restart disabled due to context in which it is running

  .   ____          _            __ _ _
 /\\ / ___'_ __ _ _(_)_ __  __ _ \ \ \ \
( ( )\___ | '_ | '_| | '_ \/ _` | \ \ \ \
 \\/  ___)| |_)| | | | | || (_| |  ) ) ) )
  '  |____| .__|_| |_|_| |_\__, | / / / /
 =========|_|==============|___/=/_/_/_/
 :: Spring Boot ::                (v3.2.1)

2024-01-16T23:23:06.158+05:30  INFO 13608 --- [           main] c.s.m.SecretMessageApplicationTests      : Starting SecretMessageApplicationTests using Java 19.0.2 with PID 13608 (started by Debmallya18 in C:\Users\Debmallya18\Desktop\technologies\Spring-and-Springboot\Spring-and-Springboot\secret-message)
2024-01-16T23:23:06.160+05:30  INFO 13608 --- [           main] c.s.m.SecretMessageApplicationTests      : No active profile set, falling back to 1 default profile: "default"
2024-01-16T23:23:06.887+05:30  INFO 13608 --- [           main] .s.d.r.c.RepositoryConfigurationDelegate : Bootstrapping Spring Data MongoDB repositories in DEFAULT mode.
2024-01-16T23:23:06.955+05:30  INFO 13608 --- [           main] .s.d.r.c.RepositoryConfigurationDelegate : Finished Spring Data repository scanning in 61 ms. Found 2 MongoDB repository interfaces.
2024-01-16T23:23:07.703+05:30  INFO 13608 --- [           main] org.mongodb.driver.client                : MongoClient with metadata {"driver": {"name": "mongo-java-driver|sync|spring-boot", "version": "4.11.1"}, "os": {"type": "Windows", "name": "Windows 10", "architecture": "amd64", "version": "10.0"}, "platform": "Java/Oracle Corporation/19.0.2+7-44"} created with settings MongoClientSettings{readPreference=primary, writeConcern=WriteConcern{w=null, wTimeout=null ms, journal=null}, retryWrites=true, retryReads=true, readConcern=ReadConcern{level=null}, credential=MongoCredential{mechanism=null, userName='d-programming', source='admin', password=<hidden>, mechanismProperties=<hidden>}, transportSettings=null, streamFactoryFactory=null, commandListeners=[], codecRegistry=ProvidersCodecRegistry{codecProviders=[ValueCodecProvider{}, BsonValueCodecProvider{}, DBRefCodecProvider{}, DBObjectCodecProvider{}, DocumentCodecProvider{}, CollectionCodecProvider{}, IterableCodecProvider{}, MapCodecProvider{}, GeoJsonCodecProvider{}, GridFSFileCodecProvider{}, Jsr310CodecProvider{}, JsonObjectCodecProvider{}, BsonCodecProvider{}, EnumCodecProvider{}, com.mongodb.client.model.mql.ExpressionCodecProvider@798dad3d, com.mongodb.Jep395RecordCodecProvider@27abb6ca, com.mongodb.KotlinCodecProvider@696db620]}, loggerSettings=LoggerSettings{maxDocumentLength=1000}, clusterSettings={hosts=[127.0.0.1:27017], srvHost=genzapp.cmnudmw.mongodb.net, srvServiceName=mongodb, mode=MULTIPLE, requiredClusterType=REPLICA_SET, requiredReplicaSetName='atlas-a2tvh6-shard-0', serverSelector='null', clusterListeners='[]', serverSelectionTimeout='30000 ms', localThreshold='15 ms'}, socketSettings=SocketSettings{connectTimeoutMS=10000, readTimeoutMS=0, receiveBufferSize=0, proxySettings=ProxySettings{host=null, port=null, username=null, password=null}}, heartbeatSocketSettings=SocketSettings{connectTimeoutMS=10000, readTimeoutMS=10000, receiveBufferSize=0, proxySettings=ProxySettings{host=null, port=null, username=null, password=null}}, connectionPoolSettings=ConnectionPoolSettings{maxSize=100, minSize=0, maxWaitTimeMS=120000, maxConnectionLifeTimeMS=0, maxConnectionIdleTimeMS=0, maintenanceInitialDelayMS=0, maintenanceFrequencyMS=60000, connectionPoolListeners=[], maxConnecting=2}, serverSettings=ServerSettings{heartbeatFrequencyMS=10000, minHeartbeatFrequencyMS=500, serverListeners='[]', serverMonitorListeners='[]'}, sslSettings=SslSettings{enabled=true, invalidHostNameAllowed=false, context=null}, applicationName='null', compressorList=[], uuidRepresentation=JAVA_LEGACY, serverApi=null, autoEncryptionSettings=null, dnsClient=null, inetAddressResolver=null, contextProvider=null}
2024-01-16T23:23:07.720+05:30  INFO 13608 --- [dmw.mongodb.net] org.mongodb.driver.cluster               : Adding discovered server ac-m7hrrhw-shard-00-00.cmnudmw.mongodb.net:27017 to client view of cluster
2024-01-16T23:23:07.755+05:30  INFO 13608 --- [dmw.mongodb.net] org.mongodb.driver.cluster               : Adding discovered server ac-m7hrrhw-shard-00-02.cmnudmw.mongodb.net:27017 to client view of cluster
2024-01-16T23:23:07.760+05:30  INFO 13608 --- [dmw.mongodb.net] org.mongodb.driver.cluster               : Adding discovered server ac-m7hrrhw-shard-00-01.cmnudmw.mongodb.net:27017 to client view of cluster
2024-01-16T23:23:08.280+05:30  INFO 13608 --- [           main] org.mongodb.driver.cluster               : No server chosen by WritableServerSelector from cluster description ClusterDescription{type=REPLICA_SET, connectionMode=MULTIPLE, serverDescriptions=[ServerDescription{address=ac-m7hrrhw-shard-00-01.cmnudmw.mongodb.net:27017, type=UNKNOWN, state=CONNECTING}, ServerDescription{address=ac-m7hrrhw-shard-00-02.cmnudmw.mongodb.net:27017, type=UNKNOWN, state=CONNECTING}, ServerDescription{address=ac-m7hrrhw-shard-00-00.cmnudmw.mongodb.net:27017, type=UNKNOWN, state=CONNECTING}]}. Waiting for 30000 ms before timing out
2024-01-16T23:23:08.439+05:30  INFO 13608 --- [ngodb.net:27017] org.mongodb.driver.cluster               : Monitor thread successfully connected to server with description ServerDescription{address=ac-m7hrrhw-shard-00-00.cmnudmw.mongodb.net:27017, type=REPLICA_SET_SECONDARY, state=CONNECTED, ok=true, minWireVersion=0, maxWireVersion=17, maxDocumentSize=16777216, logicalSessionTimeoutMinutes=30, roundTripTimeNanos=382258800, setName='atlas-a2tvh6-shard-0', canonicalAddress=ac-m7hrrhw-shard-00-00.cmnudmw.mongodb.net:27017, hosts=[ac-m7hrrhw-shard-00-01.cmnudmw.mongodb.net:27017, ac-m7hrrhw-shard-00-02.cmnudmw.mongodb.net:27017, ac-m7hrrhw-shard-00-00.cmnudmw.mongodb.net:27017], passives=[], arbiters=[], primary='ac-m7hrrhw-shard-00-01.cmnudmw.mongodb.net:27017', tagSet=TagSet{[Tag{name='availabilityZone', value='aps1-az1'}, Tag{name='diskState', value='READY'}, Tag{name='nodeType', value='ELECTABLE'}, Tag{name='provider', value='AWS'}, Tag{name='region', value='AP_SOUTH_1'}, Tag{name='workloadType', value='OPERATIONAL'}]}, electionId=null, setVersion=9, topologyVersion=TopologyVersion{processId=6587bec15ef0ef44836a39c7, counter=5}, lastWriteDate=Tue Jan 16 23:23:10 IST 2024, lastUpdateTimeNanos=304345990700}
2024-01-16T23:23:08.439+05:30  INFO 13608 --- [ngodb.net:27017] org.mongodb.driver.cluster               : Monitor thread successfully connected to server with description ServerDescription{address=ac-m7hrrhw-shard-00-01.cmnudmw.mongodb.net:27017, type=REPLICA_SET_PRIMARY, state=CONNECTED, ok=true, minWireVersion=0, maxWireVersion=17, maxDocumentSize=16777216, logicalSessionTimeoutMinutes=30, roundTripTimeNanos=382782500, setName='atlas-a2tvh6-shard-0', canonicalAddress=ac-m7hrrhw-shard-00-01.cmnudmw.mongodb.net:27017, hosts=[ac-m7hrrhw-shard-00-01.cmnudmw.mongodb.net:27017, ac-m7hrrhw-shard-00-02.cmnudmw.mongodb.net:27017, ac-m7hrrhw-shard-00-00.cmnudmw.mongodb.net:27017], passives=[], arbiters=[], primary='ac-m7hrrhw-shard-00-01.cmnudmw.mongodb.net:27017', tagSet=TagSet{[Tag{name='availabilityZone', value='aps1-az3'}, Tag{name='diskState', value='READY'}, Tag{name='nodeType', value='ELECTABLE'}, Tag{name='provider', value='AWS'}, Tag{name='region', value='AP_SOUTH_1'}, Tag{name='workloadType', value='OPERATIONAL'}]}, electionId=7fffffff00000000000000b9, setVersion=9, topologyVersion=TopologyVersion{processId=6587c00094cb7f48308c901c, counter=7}, lastWriteDate=Tue Jan 16 23:23:10 IST 2024, lastUpdateTimeNanos=304346533200}
2024-01-16T23:23:08.439+05:30  INFO 13608 --- [ngodb.net:27017] org.mongodb.driver.cluster               : Monitor thread successfully connected to server with description ServerDescription{address=ac-m7hrrhw-shard-00-02.cmnudmw.mongodb.net:27017, type=REPLICA_SET_SECONDARY, state=CONNECTED, ok=true, minWireVersion=0, maxWireVersion=17, maxDocumentSize=16777216, logicalSessionTimeoutMinutes=30, roundTripTimeNanos=382274100, setName='atlas-a2tvh6-shard-0', canonicalAddress=ac-m7hrrhw-shard-00-02.cmnudmw.mongodb.net:27017, hosts=[ac-m7hrrhw-shard-00-01.cmnudmw.mongodb.net:27017, ac-m7hrrhw-shard-00-02.cmnudmw.mongodb.net:27017, ac-m7hrrhw-shard-00-00.cmnudmw.mongodb.net:27017], passives=[], arbiters=[], primary='ac-m7hrrhw-shard-00-01.cmnudmw.mongodb.net:27017', tagSet=TagSet{[Tag{name='availabilityZone', value='aps1-az2'}, Tag{name='diskState', value='READY'}, Tag{name='nodeType', value='ELECTABLE'}, Tag{name='provider', value='AWS'}, Tag{name='region', value='AP_SOUTH_1'}, Tag{name='workloadType', value='OPERATIONAL'}]}, electionId=null, setVersion=9, topologyVersion=TopologyVersion{processId=6587c18f2d7da012d3ee12c1, counter=4}, lastWriteDate=Tue Jan 16 23:23:10 IST 2024, lastUpdateTimeNanos=304345992000}
2024-01-16T23:23:08.444+05:30  INFO 13608 --- [ngodb.net:27017] org.mongodb.driver.cluster               : Discovered replica set primary ac-m7hrrhw-shard-00-01.cmnudmw.mongodb.net:27017 with max election id 7fffffff00000000000000b9 and max set version 9
2024-01-16T23:23:09.566+05:30  INFO 13608 --- [           main] c.s.m.SecretMessageApplicationTests      : Started SecretMessageApplicationTests in 3.743 seconds (process running for 4.909)
]]></system-out>
  </testcase>
</testsuite>